D:\DOCUMENTS\PROJECTS\CHARGERSDK\BUILD\SEGGEREVAL_WIN32_MSVC_MINGW_GUI_V536\OUTPUT\DEBUG\GUIDEMO_GRAPH.OBJ
D:\DOCUMENTS\PROJECTS\CHARGERSDK\BUILD\SEGGEREVAL_WIN32_MSVC_MINGW_GUI_V536\OUTPUT\DEBUG\GUIDEMO_ICONVIEW.OBJ
D:\DOCUMENTS\PROJECTS\CHARGERSDK\BUILD\SEGGEREVAL_WIN32_MSVC_MINGW_GUI_V536\OUTPUT\DEBUG\GUIDEMO_IMAGEFLOW.OBJ
D:\DOCUMENTS\PROJECTS\CHARGERSDK\BUILD\SEGGEREVAL_WIN32_MSVC_MINGW_GUI_V536\OUTPUT\DEBUG\GUIDEMO_INTRO.OBJ
D:\DOCUMENTS\PROJECTS\CHARGERSDK\BUILD\SEGGEREVAL_WIN32_MSVC_MINGW_GUI_V536\OUTPUT\DEBUG\GUIDEMO_LISTVIEW.OBJ
D:\DOCUMENTS\PROJECTS\CHARGERSDK\BUILD\SEGGEREVAL_WIN32_MSVC_MINGW_GUI_V536\OUTPUT\DEBUG\GUIDEMO_RADIALMENU.OBJ
D:\DOCUMENTS\PROJECTS\CHARGERSDK\BUILD\SEGGEREVAL_WIN32_MSVC_MINGW_GUI_V536\OUTPUT\DEBUG\GUIDEMO_RESOURCE.OBJ
D:\DOCUMENTS\PROJECTS\CHARGERSDK\BUILD\SEGGEREVAL_WIN32_MSVC_MINGW_GUI_V536\OUTPUT\DEBUG\GUIDEMO_SKINNING.OBJ
D:\DOCUMENTS\PROJECTS\CHARGERSDK\BUILD\SEGGEREVAL_WIN32_MSVC_MINGW_GUI_V536\OUTPUT\DEBUG\GUIDEMO_SPEED.OBJ
D:\DOCUMENTS\PROJECTS\CHARGERSDK\BUILD\SEGGEREVAL_WIN32_MSVC_MINGW_GUI_V536\OUTPUT\DEBUG\GUIDEMO_SPEEDOMETER.OBJ
D:\DOCUMENTS\PROJECTS\CHARGERSDK\BUILD\SEGGEREVAL_WIN32_MSVC_MINGW_GUI_V536\OUTPUT\DEBUG\GUIDEMO_START.OBJ
D:\DOCUMENTS\PROJECTS\CHARGERSDK\BUILD\SEGGEREVAL_WIN32_MSVC_MINGW_GUI_V536\OUTPUT\DEBUG\GUIDEMO_TRANSPARENTDIALOG.OBJ
D:\DOCUMENTS\PROJECTS\CHARGERSDK\BUILD\SEGGEREVAL_WIN32_MSVC_MINGW_GUI_V536\OUTPUT\DEBUG\GUIDEMO_TREEVIEW.OBJ
D:\DOCUMENTS\PROJECTS\CHARGERSDK\BUILD\SEGGEREVAL_WIN32_MSVC_MINGW_GUI_V536\OUTPUT\DEBUG\GUIDEMO_VSCREEN.OBJ
D:\DOCUMENTS\PROJECTS\CHARGERSDK\BUILD\SEGGEREVAL_WIN32_MSVC_MINGW_GUI_V536\OUTPUT\DEBUG\GUIDEMO_WASHINGMACHINE.OBJ
D:\DOCUMENTS\PROJECTS\CHARGERSDK\BUILD\SEGGEREVAL_WIN32_MSVC_MINGW_GUI_V536\OUTPUT\DEBUG\GUIDEMO_ZOOMANDROTATE.OBJ
D:\DOCUMENTS\PROJECTS\CHARGERSDK\BUILD\SEGGEREVAL_WIN32_MSVC_MINGW_GUI_V536\OUTPUT\DEBUG\GUICONF.OBJ
D:\DOCUMENTS\PROJECTS\CHARGERSDK\BUILD\SEGGEREVAL_WIN32_MSVC_MINGW_GUI_V536\OUTPUT\DEBUG\LCDCONF.OBJ
D:\DOCUMENTS\PROJECTS\CHARGERSDK\BUILD\SEGGEREVAL_WIN32_MSVC_MINGW_GUI_V536\OUTPUT\DEBUG\SIMCONF.OBJ
D:\DOCUMENTS\PROJECTS\CHARGERSDK\BUILD\SEGGEREVAL_WIN32_MSVC_MINGW_GUI_V536\OUTPUT\DEBUG\WINMAIN.OBJ
D:\DOCUMENTS\PROJECTS\CHARGERSDK\BUILD\SEGGEREVAL_WIN32_MSVC_MINGW_GUI_V536\OUTPUT\DEBUG\GUIDEMO.OBJ
D:\DOCUMENTS\PROJECTS\CHARGERSDK\BUILD\SEGGEREVAL_WIN32_MSVC_MINGW_GUI_V536\OUTPUT\DEBUG\GUIDEMO_ANTIALIASEDTEXT.OBJ
D:\DOCUMENTS\PROJECTS\CHARGERSDK\BUILD\SEGGEREVAL_WIN32_MSVC_MINGW_GUI_V536\OUTPUT\DEBUG\GUIDEMO_AUTOMOTIVE.OBJ
D:\DOCUMENTS\PROJECTS\CHARGERSDK\BUILD\SEGGEREVAL_WIN32_MSVC_MINGW_GUI_V536\OUTPUT\DEBUG\GUIDEMO_BARGRAPH.OBJ
D:\DOCUMENTS\PROJECTS\CHARGERSDK\BUILD\SEGGEREVAL_WIN32_MSVC_MINGW_GUI_V536\OUTPUT\DEBUG\GUIDEMO_BITMAP.OBJ
D:\DOCUMENTS\PROJECTS\CHARGERSDK\BUILD\SEGGEREVAL_WIN32_MSVC_MINGW_GUI_V536\OUTPUT\DEBUG\GUIDEMO_COLORBAR.OBJ
D:\DOCUMENTS\PROJECTS\CHARGERSDK\BUILD\SEGGEREVAL_WIN32_MSVC_MINGW_GUI_V536\OUTPUT\DEBUG\GUIDEMO_CONF.OBJ
D:\DOCUMENTS\PROJECTS\CHARGERSDK\BUILD\SEGGEREVAL_WIN32_MSVC_MINGW_GUI_V536\OUTPUT\DEBUG\GUIDEMO_CURSOR.OBJ
D:\DOCUMENTS\PROJECTS\CHARGERSDK\BUILD\SEGGEREVAL_WIN32_MSVC_MINGW_GUI_V536\OUTPUT\DEBUG\GUIDEMO_FADING.OBJ
D:\DOCUMENTS\PROJECTS\CHARGERSDK\BUILD\SEGGEREVAL_WIN32_MSVC_MINGW_GUI_V536\OUTPUT\DEBUG\VC110.PDB
D:\DOCUMENTS\PROJECTS\CHARGERSDK\BUILD\SEGGEREVAL_WIN32_MSVC_MINGW_GUI_V536\EXE\GUISIMULATIONDEBUG.ILK
D:\DOCUMENTS\PROJECTS\CHARGERSDK\BUILD\SEGGEREVAL_WIN32_MSVC_MINGW_GUI_V536\EXE\GUISIMULATIONDEBUG.EXE
D:\DOCUMENTS\PROJECTS\CHARGERSDK\BUILD\SEGGEREVAL_WIN32_MSVC_MINGW_GUI_V536\OUTPUT\DEBUG\SIMULATIONTRIAL.PDB
D:\Documents\Projects\chargersdk\build\SeggerEval_WIN32_MSVC_MinGW_GUI_V536\Output\Debug\GUIConf.obj
D:\Documents\Projects\chargersdk\build\SeggerEval_WIN32_MSVC_MinGW_GUI_V536\Output\Debug\GUIDEMO.obj
D:\Documents\Projects\chargersdk\build\SeggerEval_WIN32_MSVC_MinGW_GUI_V536\Output\Debug\GUIDEMO_AntialiasedText.obj
D:\Documents\Projects\chargersdk\build\SeggerEval_WIN32_MSVC_MinGW_GUI_V536\Output\Debug\GUIDEMO_Automotive.obj
D:\Documents\Projects\chargersdk\build\SeggerEval_WIN32_MSVC_MinGW_GUI_V536\Output\Debug\GUIDEMO_BarGraph.obj
D:\Documents\Projects\chargersdk\build\SeggerEval_WIN32_MSVC_MinGW_GUI_V536\Output\Debug\GUIDEMO_Bitmap.obj
D:\Documents\Projects\chargersdk\build\SeggerEval_WIN32_MSVC_MinGW_GUI_V536\Output\Debug\GUIDEMO_ColorBar.obj
D:\Documents\Projects\chargersdk\build\SeggerEval_WIN32_MSVC_MinGW_GUI_V536\Output\Debug\GUIDEMO_Conf.obj
D:\Documents\Projects\chargersdk\build\SeggerEval_WIN32_MSVC_MinGW_GUI_V536\Output\Debug\GUIDEMO_Cursor.obj
D:\Documents\Projects\chargersdk\build\SeggerEval_WIN32_MSVC_MinGW_GUI_V536\Output\Debug\GUIDEMO_Fading.obj
D:\Documents\Projects\chargersdk\build\SeggerEval_WIN32_MSVC_MinGW_GUI_V536\Output\Debug\GUIDEMO_Graph.obj
D:\Documents\Projects\chargersdk\build\SeggerEval_WIN32_MSVC_MinGW_GUI_V536\Output\Debug\GUIDEMO_IconView.obj
D:\Documents\Projects\chargersdk\build\SeggerEval_WIN32_MSVC_MinGW_GUI_V536\Output\Debug\GUIDEMO_ImageFlow.obj
D:\Documents\Projects\chargersdk\build\SeggerEval_WIN32_MSVC_MinGW_GUI_V536\Output\Debug\GUIDEMO_Intro.obj
D:\Documents\Projects\chargersdk\build\SeggerEval_WIN32_MSVC_MinGW_GUI_V536\Output\Debug\GUIDEMO_Listview.obj
D:\Documents\Projects\chargersdk\build\SeggerEval_WIN32_MSVC_MinGW_GUI_V536\Output\Debug\GUIDEMO_RadialMenu.obj
D:\Documents\Projects\chargersdk\build\SeggerEval_WIN32_MSVC_MinGW_GUI_V536\Output\Debug\GUIDEMO_Resource.obj
D:\Documents\Projects\chargersdk\build\SeggerEval_WIN32_MSVC_MinGW_GUI_V536\Output\Debug\GUIDEMO_Skinning.obj
D:\Documents\Projects\chargersdk\build\SeggerEval_WIN32_MSVC_MinGW_GUI_V536\Output\Debug\GUIDEMO_Speed.obj
D:\Documents\Projects\chargersdk\build\SeggerEval_WIN32_MSVC_MinGW_GUI_V536\Output\Debug\GUIDEMO_Speedometer.obj
D:\Documents\Projects\chargersdk\build\SeggerEval_WIN32_MSVC_MinGW_GUI_V536\Output\Debug\GUIDEMO_Start.obj
D:\Documents\Projects\chargersdk\build\SeggerEval_WIN32_MSVC_MinGW_GUI_V536\Output\Debug\GUIDEMO_TransparentDialog.obj
D:\Documents\Projects\chargersdk\build\SeggerEval_WIN32_MSVC_MinGW_GUI_V536\Output\Debug\GUIDEMO_Treeview.obj
D:\Documents\Projects\chargersdk\build\SeggerEval_WIN32_MSVC_MinGW_GUI_V536\Output\Debug\GUIDEMO_VScreen.obj
D:\Documents\Projects\chargersdk\build\SeggerEval_WIN32_MSVC_MinGW_GUI_V536\Output\Debug\GUIDEMO_WashingMachine.obj
D:\Documents\Projects\chargersdk\build\SeggerEval_WIN32_MSVC_MinGW_GUI_V536\Output\Debug\GUIDEMO_ZoomAndRotate.obj
D:\Documents\Projects\chargersdk\build\SeggerEval_WIN32_MSVC_MinGW_GUI_V536\Output\Debug\LCDConf.obj
D:\Documents\Projects\chargersdk\build\SeggerEval_WIN32_MSVC_MinGW_GUI_V536\Output\Debug\SIMConf.obj
D:\Documents\Projects\chargersdk\build\SeggerEval_WIN32_MSVC_MinGW_GUI_V536\Output\Debug\WinMain.obj
D:\Documents\Projects\chargersdk\build\SeggerEval_WIN32_MSVC_MinGW_GUI_V536\Output\Debug\cl.command.1.tlog
D:\Documents\Projects\chargersdk\build\SeggerEval_WIN32_MSVC_MinGW_GUI_V536\Output\Debug\CL.read.1.tlog
D:\Documents\Projects\chargersdk\build\SeggerEval_WIN32_MSVC_MinGW_GUI_V536\Output\Debug\CL.write.1.tlog
D:\Documents\Projects\chargersdk\build\SeggerEval_WIN32_MSVC_MinGW_GUI_V536\Output\Debug\link-cvtres.read.1.tlog
D:\Documents\Projects\chargersdk\build\SeggerEval_WIN32_MSVC_MinGW_GUI_V536\Output\Debug\link-cvtres.write.1.tlog
D:\Documents\Projects\chargersdk\build\SeggerEval_WIN32_MSVC_MinGW_GUI_V536\Output\Debug\link-rc.read.1.tlog
D:\Documents\Projects\chargersdk\build\SeggerEval_WIN32_MSVC_MinGW_GUI_V536\Output\Debug\link-rc.write.1.tlog
D:\Documents\Projects\chargersdk\build\SeggerEval_WIN32_MSVC_MinGW_GUI_V536\Output\Debug\link.command.1.tlog
D:\Documents\Projects\chargersdk\build\SeggerEval_WIN32_MSVC_MinGW_GUI_V536\Output\Debug\link.read.1.tlog
D:\Documents\Projects\chargersdk\build\SeggerEval_WIN32_MSVC_MinGW_GUI_V536\Output\Debug\link.write.1.tlog
D:\Documents\Projects\chargersdk\build\SeggerEval_WIN32_MSVC_MinGW_GUI_V536\Output\Debug\vc110.idb
D:\Documents\Projects\chargersdk\build\SeggerEval_WIN32_MSVC_MinGW_GUI_V536\Output\Debug\SimulationTrial.pdb
D:\Documents\Projects\chargersdk\build\SeggerEval_WIN32_MSVC_MinGW_GUI_V536\Output\Debug\vc110.pdb
